#
# There is insufficient memory for the Java Runtime Environment to continue.
# Native memory allocation (malloc) failed to allocate 1048576 bytes for AllocateHeap
# Possible reasons:
#   The system is out of physical RAM or swap space
#   The process is running with CompressedOops enabled, and the Java Heap may be blocking the growth of the native heap
# Possible solutions:
#   Reduce memory load on the system
#   Increase physical memory or swap space
#   Check if swap backing store is full
#   Decrease Java heap size (-Xmx/-Xms)
#   Decrease number of Java threads
#   Decrease Java thread stack sizes (-Xss)
#   Set larger code cache with -XX:ReservedCodeCacheSize=
#   JVM is running with Unscaled Compressed Oops mode in which the Java heap is
#     placed in the first 4GB address space. The Java Heap base address is the
#     maximum limit for the native heap growth. Please use -XX:HeapBaseMinAddress
#     to set the Java Heap base and to place the Java Heap above 4GB virtual address.
# This output file may be truncated or incomplete.
#
#  Out of Memory Error (memory/allocation.inline.hpp:61), pid=12224, tid=0x00000000000015dc
#
# JRE version:  (8.0_251-b08) (build )
# Java VM: Java HotSpot(TM) 64-Bit Server VM (25.251-b08 mixed mode windows-amd64 compressed oops)
# Failed to write core dump. Minidumps are not enabled by default on client versions of Windows
#

---------------  T H R E A D  ---------------

Current thread (0x0000000002c0d800):  JavaThread "Unknown thread" [_thread_in_vm, id=5596, stack(0x0000000002ab0000,0x0000000002bb0000)]

Stack: [0x0000000002ab0000,0x0000000002bb0000]
[error occurred during error reporting (printing stack bounds), id 0xc0000005]

Native frames: (J=compiled Java code, j=interpreted, Vv=VM code, C=native code)


---------------  P R O C E S S  ---------------

Java Threads: ( => current thread )

Other Threads:

=>0x0000000002c0d800 (exited) JavaThread "Unknown thread" [_thread_in_vm, id=5596, stack(0x0000000002ab0000,0x0000000002bb0000)]

VM state:not at safepoint (normal execution)

VM Mutex/Monitor currently owned by a thread: None

heap address: 0x00000000a1400000, size: 1516 MB, Compressed Oops mode: 32-bit
Narrow klass base: 0x0000000000000000, Narrow klass shift: 3
Compressed class space size: 1073741824 Address: 0x0000000100000000

Heap:
 PSYoungGen      total 28672K, used 491K [0x00000000e0700000, 0x00000000e2700000, 0x0000000100000000)
  eden space 24576K, 2% used [0x00000000e0700000,0x00000000e077ae20,0x00000000e1f00000)
  from space 4096K, 0% used [0x00000000e2300000,0x00000000e2300000,0x00000000e2700000)
  to   space 4096K, 0% used [0x00000000e1f00000,0x00000000e1f00000,0x00000000e2300000)
 ParOldGen       total 65536K, used 0K [0x00000000a1400000, 0x00000000a5400000, 0x00000000e0700000)
  object space 65536K, 0% used [0x00000000a1400000,0x00000000a1400000,0x00000000a5400000)
 Metaspace       used 752K, capacity 4480K, committed 4480K, reserved 1056768K
  class space    used 76K, capacity 384K, committed 384K, reserved 1048576K

Card table byte_map: [0x00000000120f0000,0x00000000123f0000] byte_map_base: 0x0000000011be6000

Marking Bits: (ParMarkBitMap*) 0x00000000572daf90
 Begin Bits: [0x0000000012df0000, 0x00000000145a0000)
 End Bits:   [0x00000000145a0000, 0x0000000015d50000)

Polling page: 0x0000000000d00000

CodeCache: size=245760Kb used=327Kb max_used=327Kb free=245432Kb
 bounds [0x0000000002d30000, 0x0000000002fa0000, 0x0000000011d30000]
 total_blobs=57 nmethods=0 adapters=38
 compilation: enabled

Compilation events (0 events):
No events

GC Heap History (0 events):
No events

Deoptimization events (0 events):
No events

Classes redefined (0 events):
No events

Internal exceptions (0 events):
No events

Events (10 events):
Event: 0.027 loading class java/lang/Short
Event: 0.027 loading class java/lang/Short done
Event: 0.027 loading class java/lang/Integer
Event: 0.027 loading class java/lang/Integer done
Event: 0.027 loading class java/lang/Long
Event: 0.027 loading class java/lang/Long done
Event: 0.028 loading class java/lang/NullPointerException
Event: 0.028 loading class java/lang/NullPointerException done
Event: 0.028 loading class java/lang/ArithmeticException
Event: 0.028 loading class java/lang/ArithmeticException done


Dynamic libraries:
0x00007ff67f9a0000 - 0x00007ff67f9d7000 	C:\Program Files\Java\jre1.8.0_251\bin\javaw.exe
0x00007ffc23bc0000 - 0x00007ffc23db0000 	C:\windows\SYSTEM32\ntdll.dll
0x00007ffc23130000 - 0x00007ffc231e2000 	C:\windows\System32\KERNEL32.DLL
0x00007ffc20f70000 - 0x00007ffc21214000 	C:\windows\System32\KERNELBASE.dll
0x00007ffc21d40000 - 0x00007ffc21de3000 	C:\windows\System32\ADVAPI32.dll
0x00007ffc23a30000 - 0x00007ffc23ace000 	C:\windows\System32\msvcrt.dll
0x00007ffc233e0000 - 0x00007ffc23477000 	C:\windows\System32\sechost.dll
0x00007ffc23910000 - 0x00007ffc23a30000 	C:\windows\System32\RPCRT4.dll
0x00007ffc23640000 - 0x00007ffc237d4000 	C:\windows\System32\USER32.dll
0x00007ffc20e90000 - 0x00007ffc20eb1000 	C:\windows\System32\win32u.dll
0x00007ffc233b0000 - 0x00007ffc233d6000 	C:\windows\System32\GDI32.dll
0x00007ffc20cf0000 - 0x00007ffc20e86000 	C:\windows\System32\gdi32full.dll
0x00007ffc213e0000 - 0x00007ffc2147e000 	C:\windows\System32\msvcp_win.dll
0x00007ffc20bf0000 - 0x00007ffc20cea000 	C:\windows\System32\ucrtbase.dll
0x00007ffc03610000 - 0x00007ffc03894000 	C:\windows\WinSxS\amd64_microsoft.windows.common-controls_6595b64144ccf1df_6.0.18362.959_none_e6c7bbbf130c62bb\COMCTL32.dll
0x00007ffc22740000 - 0x00007ffc22a75000 	C:\windows\System32\combase.dll
0x00007ffc20ec0000 - 0x00007ffc20f40000 	C:\windows\System32\bcryptPrimitives.dll
0x00007ffc22710000 - 0x00007ffc2273e000 	C:\windows\System32\IMM32.DLL
0x0000000058600000 - 0x00000000586d2000 	C:\Program Files\Java\jre1.8.0_251\bin\msvcr100.dll
0x0000000056ab0000 - 0x000000005735b000 	C:\Program Files\Java\jre1.8.0_251\bin\server\jvm.dll
0x00007ffc21f40000 - 0x00007ffc21f48000 	C:\windows\System32\PSAPI.DLL
0x00007ffbec220000 - 0x00007ffbec229000 	C:\windows\SYSTEM32\WSOCK32.dll
0x00007ffc1e3a0000 - 0x00007ffc1e3c4000 	C:\windows\SYSTEM32\WINMM.dll
0x00007ffc19600000 - 0x00007ffc1960a000 	C:\windows\SYSTEM32\VERSION.dll
0x00007ffc21e00000 - 0x00007ffc21e6f000 	C:\windows\System32\WS2_32.dll
0x00007ffc1dcb0000 - 0x00007ffc1dcdd000 	C:\windows\SYSTEM32\WINMMBASE.dll
0x00007ffc21220000 - 0x00007ffc2126a000 	C:\windows\System32\cfgmgr32.dll
0x00007ffc1ea60000 - 0x00007ffc1ea6f000 	C:\Program Files\Java\jre1.8.0_251\bin\verify.dll
0x00007ffc10550000 - 0x00007ffc10579000 	C:\Program Files\Java\jre1.8.0_251\bin\java.dll
0x00007ffc1ea00000 - 0x00007ffc1ea16000 	C:\Program Files\Java\jre1.8.0_251\bin\zip.dll

VM Arguments:
jvm_args: -Dfile.encoding=Cp1252 
java_command: customerservice.SuperStore
java_class_path (initial): C:\usi-git\SoftwareEngineeringTraining\projects\src\main\java\com\usi\bin
Launcher Type: SUN_STANDARD

Environment Variables:
PATH=C:/Program Files/Java/jre1.8.0_251/bin/server;C:/Program Files/Java/jre1.8.0_251/bin;C:/Program Files/Java/jre1.8.0_251/lib/amd64;C:\Program Files (x86)\Common Files\Oracle\Java\javapath;C:\windows\system32;C:\windows;C:\windows\System32\Wbem;C:\windows\System32\WindowsPowerShell\v1.0\;C:\windows\System32\OpenSSH\;C:\Program Files (x86)\QuickTime\QTSystem\;C:\Users\ibirc\Downloads\node-v12.18.1-win-x64\node-v12.18.1-win-x64;C:\Program Files\Git\cmd;C:\PHP7;;C:\Program Files (x86)\DevDesktop\tools;C:\Program Files (x86)\DevDesktop\drush_10;C:\Users\ibirc\AppData\Local\Microsoft\WindowsApps;C:\Users\ibirc\AppData\Local\GitHubDesktop\bin;C:\Users\ibirc\Downloads\node-v12.18.1-win-x64\node-v12.18.1-win-x64;;C:\windows\system32;
USERNAME=ibirc
OS=Windows_NT
PROCESSOR_IDENTIFIER=AMD64 Family 23 Model 24 Stepping 1, AuthenticAMD



---------------  S Y S T E M  ---------------

OS: Windows 10.0 , 64 bit Build 18362 (10.0.18362.959)

CPU:total 8 (initial active 8) (8 cores per cpu, 1 threads per core) family 23 model 24 stepping 1, cmov, cx8, fxsr, mmx, sse, sse2, sse3, ssse3, sse4.1, sse4.2, popcnt, avx, avx2, aes, clmul, mmxext, 3dnowpref, lzcnt, sse4a, tsc, tscinvbit, tscinv, bmi1

Memory: 4k page, physical 6206528k(1631196k free), swap 25080896k(6244k free)

vm_info: Java HotSpot(TM) 64-Bit Server VM (25.251-b08) for windows-amd64 JRE (1.8.0_251-b08), built on Mar 12 2020 06:31:49 by "" with MS VC++ 10.0 (VS2010)

time: Wed Aug 12 15:34:16 2020
timezone: Eastern Daylight Time
elapsed time: 0 seconds (0d 0h 0m 0s)

